<?xml version="1.0" encoding="UTF-8"?>
<testsuite xmlns:xsi="http://www.w3.org/2001/XMLSchema-instance" xsi:noNamespaceSchemaLocation="https://maven.apache.org/surefire/maven-surefire-plugin/xsd/surefire-test-report.xsd" name="com.cts.ControllerTest.ControllerTest" time="2.513" tests="12" errors="0" skipped="0" failures="0">
  <properties>
[...]
</properties>
  <testcase name="testUserEnquiryPage" classname="com.cts.ControllerTest.ControllerTest" time="0.975"/>
  <testcase name="testUserBookingVerificationPage" classname="com.cts.ControllerTest.ControllerTest" time="0.164"/>
  <testcase name="testGenerateManagerReportPage" classname="com.cts.ControllerTest.ControllerTest" time="0.161"/>
  <testcase name="testCreateFeedbackPage" classname="com.cts.ControllerTest.ControllerTest" time="0.096"/>
  <testcase name="testWelcomePage" classname="com.cts.ControllerTest.ControllerTest" time="0.109"/>
  <testcase name="testManagerRegisterPage" classname="com.cts.ControllerTest.ControllerTest" time="0.091"/>
  <testcase name="testAdminAddPackagePage" classname="com.cts.ControllerTest.ControllerTest" time="0.096"/>
  <testcase name="testManagerLoginPage" classname="com.cts.ControllerTest.ControllerTest" time="0.094"/>
  <testcase name="testUserComplaintsPage" classname="com.cts.ControllerTest.ControllerTest" time="0.1"/>
  <testcase name="testUserRegisterPage" classname="com.cts.ControllerTest.ControllerTest" time="0.073"/>
  <testcase name="testAdminGenerateReportPage" classname="com.cts.ControllerTest.ControllerTest" time="0.085"/>
  <testcase name="testUserLoginPage" classname="com.cts.ControllerTest.ControllerTest" time="0.067"/>
</testsuite>